{"message":"Initializing Application","_cobaltLog":true,"_from":"Empathya","_level":6,"_levelString":"INFO","_version":"0.1.0","_timestamp":1442338938904.613,"_indentLevel":0,"_color":"black","_separator":false}
{"message":"Application Initialized","_cobaltLog":true,"_from":"Empathya","_level":6,"_levelString":"INFO","_version":"0.1.0","_timestamp":1442338938909.344,"_indentLevel":0,"_color":"black","_separator":false}
{"message":"Execute application._serverStart() to start the server","_cobaltLog":true,"_from":"Empathya","_level":6,"_levelString":"INFO","_version":"0.1.0","_timestamp":1442338938910.157,"_indentLevel":0,"_color":"black","_separator":false}
{"message":"Setting Thulium Engine for Express","_cobaltLog":true,"_from":"Empathya","_level":6,"_levelString":"INFO","_version":"0.1.0","_timestamp":1442338938910.497,"_indentLevel":0,"_color":"black","_separator":false}
{"message":"Setting up middlewares...","_cobaltLog":true,"_from":"Empathya","_level":6,"_levelString":"INFO","_version":"0.1.0","_timestamp":1442338938915.225,"_indentLevel":0,"_color":"black","_separator":false}
{"message":"Loading external middleware: middlewares/01_cors.js...","_cobaltLog":true,"_from":"Empathya","_level":6,"_levelString":"INFO","_version":"0.1.0","_timestamp":1442338938918.4338,"_indentLevel":0,"_color":"black","_separator":false}
{"message":"Loading external middleware: middlewares/02_cookieParser.js...","_cobaltLog":true,"_from":"Empathya","_level":6,"_levelString":"INFO","_version":"0.1.0","_timestamp":1442338938920.277,"_indentLevel":0,"_color":"black","_separator":false}
{"message":"Setting cookieParser","_cobaltLog":true,"_from":"Empathya","_level":6,"_levelString":"INFO","_version":"0.1.0","_timestamp":1442338938921.945,"_indentLevel":0,"_color":"black","_separator":false}
{"message":"Loading external middleware: middlewares/03_bodyParserURL.js...","_cobaltLog":true,"_from":"Empathya","_level":6,"_levelString":"INFO","_version":"0.1.0","_timestamp":1442338938922.513,"_indentLevel":0,"_color":"black","_separator":false}
{"message":"Setting bodyParser URL","_cobaltLog":true,"_from":"Empathya","_level":6,"_levelString":"INFO","_version":"0.1.0","_timestamp":1442338938923.95,"_indentLevel":0,"_color":"black","_separator":false}
{"message":"Loading external middleware: middlewares/04_bodyParserJSON.js...","_cobaltLog":true,"_from":"Empathya","_level":6,"_levelString":"INFO","_version":"0.1.0","_timestamp":1442338938996.244,"_indentLevel":0,"_color":"black","_separator":false}
{"message":"Setting bodyParser JSON","_cobaltLog":true,"_from":"Empathya","_level":6,"_levelString":"INFO","_version":"0.1.0","_timestamp":1442338938998.013,"_indentLevel":0,"_color":"black","_separator":false}
{"message":"Loading external middleware: middlewares/05_Redis.js...","_cobaltLog":true,"_from":"Empathya","_level":6,"_levelString":"INFO","_version":"0.1.0","_timestamp":1442338939001.253,"_indentLevel":0,"_color":"black","_separator":false}
{"message":"Loading external middleware: middlewares/06_CSRF.js...","_cobaltLog":true,"_from":"Empathya","_level":6,"_levelString":"INFO","_version":"0.1.0","_timestamp":1442338939002.767,"_indentLevel":0,"_color":"black","_separator":false}
{"message":"Setting csrf","_cobaltLog":true,"_from":"Empathya","_level":6,"_levelString":"INFO","_version":"0.1.0","_timestamp":1442338939004.2979,"_indentLevel":0,"_color":"black","_separator":false}
{"message":"Loading external middleware: middlewares/07_CSRFError.js...","_cobaltLog":true,"_from":"Empathya","_level":6,"_levelString":"INFO","_version":"0.1.0","_timestamp":1442338939004.517,"_indentLevel":0,"_color":"black","_separator":false}
{"message":"Loading external middleware: middlewares/08_locals.js...","_cobaltLog":true,"_from":"Empathya","_level":6,"_levelString":"INFO","_version":"0.1.0","_timestamp":1442338939005.903,"_indentLevel":0,"_color":"black","_separator":false}
{"message":"Loading external middleware: middlewares/09_passportInit.js...","_cobaltLog":true,"_from":"Empathya","_level":6,"_levelString":"INFO","_version":"0.1.0","_timestamp":1442338939007.49,"_indentLevel":0,"_color":"black","_separator":false}
{"message":"Loading external middleware: middlewares/10_passportSession.js...","_cobaltLog":true,"_from":"Empathya","_level":6,"_levelString":"INFO","_version":"0.1.0","_timestamp":1442338939010.3618,"_indentLevel":0,"_color":"black","_separator":false}
{"message":"Loading external middleware: middlewares/11_flashMessages.js...","_cobaltLog":true,"_from":"Empathya","_level":6,"_levelString":"INFO","_version":"0.1.0","_timestamp":1442338939011.932,"_indentLevel":0,"_color":"black","_separator":false}
{"message":"Loading external middleware: middlewares/12_Router.js...","_cobaltLog":true,"_from":"Empathya","_level":6,"_levelString":"INFO","_version":"0.1.0","_timestamp":1442338939015.141,"_indentLevel":0,"_color":"black","_separator":false}
{"message":"Loading external middleware: middlewares/13_NotFound.js...","_cobaltLog":true,"_from":"Empathya","_level":6,"_levelString":"INFO","_version":"0.1.0","_timestamp":1442338939016.7388,"_indentLevel":0,"_color":"black","_separator":false}
{"message":"Loading external middleware: middlewares/14_Error.js...","_cobaltLog":true,"_from":"Empathya","_level":6,"_levelString":"INFO","_version":"0.1.0","_timestamp":1442338939018.5398,"_indentLevel":0,"_color":"black","_separator":false}
{"message":"Loading Models","_cobaltLog":true,"_from":"Empathya","_level":6,"_levelString":"INFO","_version":"0.1.0","_timestamp":1442338939020.181,"_indentLevel":0,"_color":"black","_separator":false}
{"message":"Loading RestfulController.js","_cobaltLog":true,"_from":"Empathya","_level":6,"_levelString":"INFO","_version":"0.1.0","_timestamp":1442338939035.1929,"_indentLevel":0,"_color":"black","_separator":false}
{"message":"Loading ApplicationController.js","_cobaltLog":true,"_from":"Empathya","_level":6,"_levelString":"INFO","_version":"0.1.0","_timestamp":1442338939037.324,"_indentLevel":0,"_color":"black","_separator":false}
{"message":"Loading controllers/HomeController.js...","_cobaltLog":true,"_from":"Empathya","_level":6,"_levelString":"INFO","_version":"0.1.0","_timestamp":1442338939039.768,"_indentLevel":0,"_color":"black","_separator":false}
{"message":"::1 - - [15/Sep/2015:17:42:26 +0000] \"GET / HTTP/1.1\" 200 39163 \"-\" \"Mozilla/5.0 (Macintosh; Intel Mac OS X 10_10_5) AppleWebKit/537.36 (KHTML, like Gecko) Chrome/45.0.2454.85 Safari/537.36\"\n","_cobaltLog":true,"_from":"Empathya","_level":6,"_levelString":"INFO","_version":"0.1.0","_timestamp":1442338946622.715,"_indentLevel":0,"_color":"black","_separator":false}
